[ 2023-09-06 20:09:38,835 ] 24 root - INFO - Entered the data ingestion method or component
[ 2023-09-06 20:09:38,852 ] 27 root - INFO - Read the dataset as dataframe
[ 2023-09-06 20:09:38,901 ] 34 root - INFO - Train test split initiated
[ 2023-09-06 20:09:38,955 ] 42 root - INFO - Data Injection Completted completed
[ 2023-09-06 20:09:38,956 ] 27 root - INFO - Entered the data cleaning method or component
[ 2023-09-06 20:09:38,987 ] 32 root - INFO - Read the dataset as dataframe
[ 2023-09-06 20:09:38,995 ] 44 root - INFO - directory created
[ 2023-09-06 20:09:39,024 ] 48 root - INFO - Train data saved
[ 2023-09-06 20:09:39,046 ] 50 root - INFO - Test data saved
[ 2023-09-06 20:09:39,046 ] 52 root - INFO - Train and test data cleaned
[ 2023-09-06 20:09:39,073 ] 77 root - INFO - Read train and test data completed
[ 2023-09-06 20:09:39,073 ] 79 root - INFO - Obtaining preprocessing object
[ 2023-09-06 20:09:39,074 ] 54 root - INFO - Features to label-encode: ['Item_Fat_Content', 'Outlet_Location_Type']
[ 2023-09-06 20:09:39,074 ] 55 root - INFO - Features to one-hot-encode: ['Item_Type', 'Outlet_Size', 'Outlet_Type']
[ 2023-09-06 20:09:39,074 ] 56 root - INFO - Features to scale: ['Item_Weight', 'Item_MRP', 'Outlet_Age']
[ 2023-09-06 20:09:39,074 ] 66 root - INFO - Train test split initiated
[ 2023-09-06 20:09:39,075 ] 88 root - INFO - Applying preprocessing object on training dataframe and testing dataframe.
[ 2023-09-06 20:09:39,106 ] 92 root - INFO - Saved preprocessing object.
[ 2023-09-06 20:09:39,113 ] 36 root - INFO - Split training and test input data
[ 2023-09-06 20:17:46,778 ] 109 root - INFO - Best found model on both training and testing dataset
