[ 2023-08-29 17:27:11,651 ] 24 root - INFO - Entered the data ingestion method or component
[ 2023-08-29 17:27:11,747 ] 27 root - INFO - Read the dataset as dataframe
[ 2023-08-29 17:27:11,849 ] 34 root - INFO - Train test split initiated
[ 2023-08-29 17:27:11,899 ] 42 root - INFO - Data Injection Completted completed
[ 2023-08-29 17:27:11,900 ] 27 root - INFO - Entered the data cleaning method or component
[ 2023-08-29 17:27:11,931 ] 32 root - INFO - Read the dataset as dataframe
[ 2023-08-29 17:27:11,960 ] 47 root - INFO - directory created
[ 2023-08-29 17:27:12,016 ] 51 root - INFO - Train data saved
[ 2023-08-29 17:27:12,048 ] 53 root - INFO - Test data saved
[ 2023-08-29 17:27:12,049 ] 55 root - INFO - Train and test data cleaned
[ 2023-08-29 17:27:12,082 ] 77 root - INFO - Read train and test data completed
[ 2023-08-29 17:27:12,082 ] 79 root - INFO - Obtaining preprocessing object
[ 2023-08-29 17:27:12,082 ] 54 root - INFO - Features to label-encode: ['Item_Fat_Content', 'Outlet_Location_Type']
[ 2023-08-29 17:27:12,082 ] 55 root - INFO - Features to one-hot-encode: ['Item_Type', 'Outlet_Size', 'Outlet_Type']
[ 2023-08-29 17:27:12,082 ] 56 root - INFO - Features to scale: ['Item_Weight', 'Item_MRP', 'Outlet_Age']
[ 2023-08-29 17:27:12,082 ] 66 root - INFO - Train test split initiated
[ 2023-08-29 17:27:12,084 ] 88 root - INFO - Applying preprocessing object on training dataframe and testing dataframe.
[ 2023-08-29 17:27:12,116 ] 92 root - INFO - Saved preprocessing object.
[ 2023-08-29 17:27:12,122 ] 36 root - INFO - Split training and test input data
[ 2023-08-29 17:34:08,039 ] 109 root - INFO - Best found model on both training and testing dataset
