[ 2023-08-29 18:55:00,072 ] 24 root - INFO - Entered the data ingestion method or component
[ 2023-08-29 18:55:00,147 ] 27 root - INFO - Read the dataset as dataframe
[ 2023-08-29 18:55:00,214 ] 34 root - INFO - Train test split initiated
[ 2023-08-29 18:55:00,274 ] 42 root - INFO - Data Injection Completted completed
[ 2023-08-29 18:55:00,274 ] 27 root - INFO - Entered the data cleaning method or component
[ 2023-08-29 18:55:00,311 ] 32 root - INFO - Read the dataset as dataframe
[ 2023-08-29 18:55:00,331 ] 47 root - INFO - directory created
[ 2023-08-29 18:55:00,375 ] 51 root - INFO - Train data saved
[ 2023-08-29 18:55:00,424 ] 53 root - INFO - Test data saved
[ 2023-08-29 18:55:00,424 ] 55 root - INFO - Train and test data cleaned
[ 2023-08-29 18:55:00,456 ] 77 root - INFO - Read train and test data completed
[ 2023-08-29 18:55:00,456 ] 79 root - INFO - Obtaining preprocessing object
[ 2023-08-29 18:55:00,456 ] 54 root - INFO - Features to label-encode: ['Item_Fat_Content', 'Outlet_Location_Type']
[ 2023-08-29 18:55:00,456 ] 55 root - INFO - Features to one-hot-encode: ['Item_Type', 'Outlet_Size', 'Outlet_Type']
[ 2023-08-29 18:55:00,456 ] 56 root - INFO - Features to scale: ['Item_Weight', 'Item_MRP', 'Outlet_Age']
[ 2023-08-29 18:55:00,456 ] 66 root - INFO - Train test split initiated
[ 2023-08-29 18:55:00,458 ] 88 root - INFO - Applying preprocessing object on training dataframe and testing dataframe.
[ 2023-08-29 18:55:00,493 ] 92 root - INFO - Saved preprocessing object.
[ 2023-08-29 18:55:00,500 ] 36 root - INFO - Split training and test input data
[ 2023-08-29 19:02:28,212 ] 109 root - INFO - Best found model on both training and testing dataset
